0 info it worked if it ends with ok
1 verbose cli [ '/usr/bin/node', '/usr/bin/npm', 'install', 'bower@1.3', '-g' ]
2 info using npm@1.4.28
3 info using node@v0.10.37
4 verbose node symlink /usr/bin/node
5 verbose cache add [ 'bower@1.3', null ]
6 verbose cache add name=undefined spec="bower@1.3" args=["bower@1.3",null]
7 verbose parsed url { protocol: null,
7 verbose parsed url   slashes: null,
7 verbose parsed url   auth: null,
7 verbose parsed url   host: null,
7 verbose parsed url   port: null,
7 verbose parsed url   hostname: null,
7 verbose parsed url   hash: null,
7 verbose parsed url   search: null,
7 verbose parsed url   query: null,
7 verbose parsed url   pathname: 'bower@1.3',
7 verbose parsed url   path: 'bower@1.3',
7 verbose parsed url   href: 'bower@1.3' }
8 verbose cache add name="bower" spec="1.3" args=["bower","1.3"]
9 verbose parsed url { protocol: null,
9 verbose parsed url   slashes: null,
9 verbose parsed url   auth: null,
9 verbose parsed url   host: null,
9 verbose parsed url   port: null,
9 verbose parsed url   hostname: null,
9 verbose parsed url   hash: null,
9 verbose parsed url   search: null,
9 verbose parsed url   query: null,
9 verbose parsed url   pathname: '1.3',
9 verbose parsed url   path: '1.3',
9 verbose parsed url   href: '1.3' }
10 verbose addNamed [ 'bower', '1.3' ]
11 verbose addNamed [ null, '>=1.3.0-0 <1.4.0-0' ]
12 silly lockFile 7af79a88-bower-1-3 bower@1.3
13 verbose lock bower@1.3 /home/diogo/.npm/7af79a88-bower-1-3.lock
14 silly addNameRange { name: 'bower', range: '>=1.3.0-0 <1.4.0-0', hasData: false }
15 verbose request where is /bower
16 verbose request registry https://registry.npmjs.org/
17 verbose request id 7b1e76749547c1fc
18 verbose url raw /bower
19 verbose url resolving [ 'https://registry.npmjs.org/', './bower' ]
20 verbose url resolved https://registry.npmjs.org/bower
21 verbose request where is https://registry.npmjs.org/bower
22 info trying registry request attempt 1 at 18:18:11
23 http GET https://registry.npmjs.org/bower
24 http 200 https://registry.npmjs.org/bower
25 silly registry.get cb [ 200,
25 silly registry.get   { server: 'CouchDB/1.5.0 (Erlang OTP/R16B03)',
25 silly registry.get     etag: '"3U4WOJBASTHYQGVH036LX6AR8"',
25 silly registry.get     'content-type': 'application/json',
25 silly registry.get     'cache-control': 'max-age=60',
25 silly registry.get     'content-length': '129706',
25 silly registry.get     'accept-ranges': 'bytes',
25 silly registry.get     date: 'Sat, 17 Oct 2015 21:18:12 GMT',
25 silly registry.get     via: '1.1 varnish',
25 silly registry.get     age: '41',
25 silly registry.get     connection: 'keep-alive',
25 silly registry.get     'x-served-by': 'cache-jfk1033-JFK',
25 silly registry.get     'x-cache': 'HIT',
25 silly registry.get     'x-cache-hits': '1',
25 silly registry.get     'x-timer': 'S1445116692.825865,VS0,VE1',
25 silly registry.get     vary: 'Accept' } ]
26 silly addNameRange number 2 { name: 'bower', range: '>=1.3.0-0 <1.4.0-0', hasData: true }
27 silly addNameRange versions [ 'bower',
27 silly addNameRange   [ '0.1.0',
27 silly addNameRange     '0.1.2',
27 silly addNameRange     '0.1.3',
27 silly addNameRange     '0.2.0',
27 silly addNameRange     '0.3.0',
27 silly addNameRange     '0.3.1',
27 silly addNameRange     '0.3.2',
27 silly addNameRange     '0.4.0',
27 silly addNameRange     '0.5.0',
27 silly addNameRange     '0.5.1',
27 silly addNameRange     '0.6.0',
27 silly addNameRange     '0.6.1',
27 silly addNameRange     '0.6.2',
27 silly addNameRange     '0.6.3',
27 silly addNameRange     '0.6.4',
27 silly addNameRange     '0.6.5',
27 silly addNameRange     '0.6.6',
27 silly addNameRange     '0.6.7',
27 silly addNameRange     '0.6.8',
27 silly addNameRange     '0.7.0',
27 silly addNameRange     '0.7.1',
27 silly addNameRange     '0.8.0',
27 silly addNameRange     '0.8.1',
27 silly addNameRange     '0.8.2',
27 silly addNameRange     '0.8.3',
27 silly addNameRange     '0.8.4',
27 silly addNameRange     '0.8.5',
27 silly addNameRange     '0.8.6',
27 silly addNameRange     '0.9.0',
27 silly addNameRange     '0.9.1',
27 silly addNameRange     '0.9.2',
27 silly addNameRange     '0.10.0',
27 silly addNameRange     '1.0.0',
27 silly addNameRange     '1.0.1',
27 silly addNameRange     '1.0.2',
27 silly addNameRange     '1.0.3',
27 silly addNameRange     '1.1.0',
27 silly addNameRange     '1.1.1',
27 silly addNameRange     '1.1.2',
27 silly addNameRange     '1.2.0',
27 silly addNameRange     '1.2.1',
27 silly addNameRange     '1.2.2',
27 silly addNameRange     '1.2.3',
27 silly addNameRange     '1.2.4',
27 silly addNameRange     '1.2.5',
27 silly addNameRange     '1.2.6',
27 silly addNameRange     '1.2.7',
27 silly addNameRange     '1.2.8',
27 silly addNameRange     '1.3.0',
27 silly addNameRange     '1.3.1',
27 silly addNameRange     '1.3.2',
27 silly addNameRange     '1.3.3',
27 silly addNameRange     '1.3.4',
27 silly addNameRange     '1.3.5',
27 silly addNameRange     '1.3.6',
27 silly addNameRange     '1.3.7',
27 silly addNameRange     '1.3.8',
27 silly addNameRange     '1.3.9',
27 silly addNameRange     '1.3.10',
27 silly addNameRange     '1.3.11',
27 silly addNameRange     '1.3.12',
27 silly addNameRange     '1.4.0',
27 silly addNameRange     '1.4.1',
27 silly addNameRange     '1.5.0',
27 silly addNameRange     '1.5.1',
27 silly addNameRange     '1.5.2',
27 silly addNameRange     '1.5.3',
27 silly addNameRange     '1.6.2',
27 silly addNameRange     '1.6.3' ] ]
28 verbose addNamed [ 'bower', '1.3.12' ]
29 verbose addNamed [ '1.3.12', '1.3.12' ]
30 silly lockFile 9819431c-bower-1-3-12 bower@1.3.12
31 verbose lock bower@1.3.12 /home/diogo/.npm/9819431c-bower-1-3-12.lock
32 silly lockFile b05fd70b-npmjs-org-bower-bower-1-3-12-tgz https://registry.npmjs.org/bower/-/bower-1.3.12.tgz
33 verbose lock https://registry.npmjs.org/bower/-/bower-1.3.12.tgz /home/diogo/.npm/b05fd70b-npmjs-org-bower-bower-1-3-12-tgz.lock
34 verbose addRemoteTarball [ 'https://registry.npmjs.org/bower/-/bower-1.3.12.tgz',
34 verbose addRemoteTarball   '37de0edb3904baf90aee13384a1a379a05ee214c' ]
35 info retry fetch attempt 1 at 18:18:13
36 verbose fetch to= /tmp/npm-4848-mRgFskBW/registry.npmjs.org/bower/-/bower-1.3.12.tgz
37 http GET https://registry.npmjs.org/bower/-/bower-1.3.12.tgz
38 http 200 https://registry.npmjs.org/bower/-/bower-1.3.12.tgz
39 silly lockFile b05fd70b-npmjs-org-bower-bower-1-3-12-tgz https://registry.npmjs.org/bower/-/bower-1.3.12.tgz
40 silly lockFile b05fd70b-npmjs-org-bower-bower-1-3-12-tgz https://registry.npmjs.org/bower/-/bower-1.3.12.tgz
41 silly lockFile 9819431c-bower-1-3-12 bower@1.3.12
42 silly lockFile 9819431c-bower-1-3-12 bower@1.3.12
43 silly lockFile 7af79a88-bower-1-3 bower@1.3
44 silly lockFile 7af79a88-bower-1-3 bower@1.3
45 silly resolved [ { name: 'bower',
45 silly resolved     version: '1.3.12',
45 silly resolved     description: 'The browser package manager',
45 silly resolved     author: { name: 'Twitter' },
45 silly resolved     licenses: [ [Object] ],
45 silly resolved     repository: { type: 'git', url: 'https://github.com/bower/bower' },
45 silly resolved     main: 'lib',
45 silly resolved     homepage: 'http://bower.io',
45 silly resolved     engines: { node: '>=0.10.0' },
45 silly resolved     dependencies:
45 silly resolved      { abbrev: '~1.0.4',
45 silly resolved        archy: '0.0.2',
45 silly resolved        'bower-config': '~0.5.2',
45 silly resolved        'bower-endpoint-parser': '~0.2.2',
45 silly resolved        'bower-json': '~0.4.0',
45 silly resolved        'bower-logger': '~0.2.2',
45 silly resolved        'bower-registry-client': '~0.2.0',
45 silly resolved        cardinal: '0.4.0',
45 silly resolved        chalk: '0.5.0',
45 silly resolved        chmodr: '0.1.0',
45 silly resolved        'decompress-zip': '0.0.8',
45 silly resolved        fstream: '~1.0.2',
45 silly resolved        'fstream-ignore': '~1.0.1',
45 silly resolved        glob: '~4.0.2',
45 silly resolved        'graceful-fs': '~3.0.1',
45 silly resolved        handlebars: '~2.0.0',
45 silly resolved        inquirer: '0.7.1',
45 silly resolved        insight: '0.4.3',
45 silly resolved        'is-root': '~1.0.0',
45 silly resolved        junk: '~1.0.0',
45 silly resolved        lockfile: '~1.0.0',
45 silly resolved        'lru-cache': '~2.5.0',
45 silly resolved        mkdirp: '0.5.0',
45 silly resolved        mout: '~0.9.0',
45 silly resolved        nopt: '~3.0.0',
45 silly resolved        opn: '~1.0.0',
45 silly resolved        osenv: '0.1.0',
45 silly resolved        'p-throttler': '0.1.0',
45 silly resolved        promptly: '0.2.0',
45 silly resolved        q: '~1.0.1',
45 silly resolved        request: '~2.42.0',
45 silly resolved        'request-progress': '0.3.0',
45 silly resolved        retry: '0.6.0',
45 silly resolved        rimraf: '~2.2.0',
45 silly resolved        semver: '~2.3.0',
45 silly resolved        'shell-quote': '~1.4.1',
45 silly resolved        'stringify-object': '~1.0.0',
45 silly resolved        'tar-fs': '0.5.2',
45 silly resolved        tmp: '0.0.23',
45 silly resolved        'update-notifier': '0.2.0',
45 silly resolved        which: '~1.0.5' },
45 silly resolved     devDependencies:
45 silly resolved      { coveralls: '~2.11.0',
45 silly resolved        'expect.js': '~0.3.1',
45 silly resolved        grunt: '~0.4.4',
45 silly resolved        'grunt-cli': '^0.1.13',
45 silly resolved        'grunt-contrib-jshint': '~0.10.0',
45 silly resolved        'grunt-contrib-watch': '~0.6.1',
45 silly resolved        'grunt-exec': '~0.4.2',
45 silly resolved        'grunt-simple-mocha': '~0.4.0',
45 silly resolved        istanbul: '~0.3.2',
45 silly resolved        'load-grunt-tasks': '~0.6.0',
45 silly resolved        mocha: '~1.21.4',
45 silly resolved        nock: '~0.46.0',
45 silly resolved        'node-uuid': '~1.4.1',
45 silly resolved        proxyquire: '~1.0.1' },
45 silly resolved     scripts: { test: 'grunt test' },
45 silly resolved     bin: { bower: 'bin/bower' },
45 silly resolved     preferGlobal: true,
45 silly resolved     gitHead: 'b26c072f0db054a1902ec4d2e3726dbf8a1c799a',
45 silly resolved     bugs: { url: 'https://github.com/bower/bower/issues' },
45 silly resolved     _id: 'bower@1.3.12',
45 silly resolved     _shasum: '37de0edb3904baf90aee13384a1a379a05ee214c',
45 silly resolved     _from: 'bower@1.3',
45 silly resolved     _npmVersion: '2.0.0',
45 silly resolved     _npmUser: { name: 'sheerun', email: 'sheerun@sher.pl' },
45 silly resolved     maintainers: [ [Object], [Object], [Object], [Object], [Object], [Object] ],
45 silly resolved     dist:
45 silly resolved      { shasum: '37de0edb3904baf90aee13384a1a379a05ee214c',
45 silly resolved        tarball: 'http://registry.npmjs.org/bower/-/bower-1.3.12.tgz' },
45 silly resolved     directories: {},
45 silly resolved     _resolved: 'https://registry.npmjs.org/bower/-/bower-1.3.12.tgz' } ]
46 info install bower@1.3.12 into /usr/lib
47 info installOne bower@1.3.12
48 verbose lib/node_modules/bower unbuild
49 verbose tar unpack /home/diogo/.npm/bower/1.3.12/package.tgz
50 silly lockFile 6f53a3f9-tar-usr-lib-node-modules-bower tar:///usr/lib/node_modules/bower
51 verbose lock tar:///usr/lib/node_modules/bower /home/diogo/.npm/6f53a3f9-tar-usr-lib-node-modules-bower.lock
52 silly lockFile 5ec4bda8-ogo-npm-bower-1-3-12-package-tgz tar:///home/diogo/.npm/bower/1.3.12/package.tgz
53 verbose lock tar:///home/diogo/.npm/bower/1.3.12/package.tgz /home/diogo/.npm/5ec4bda8-ogo-npm-bower-1-3-12-package-tgz.lock
54 silly gunzTarPerm modes [ '755', '644' ]
55 error Error: EACCES, mkdir '/usr/lib/node_modules/bower'
55 error  { [Error: EACCES, mkdir '/usr/lib/node_modules/bower']
55 error   errno: 3,
55 error   code: 'EACCES',
55 error   path: '/usr/lib/node_modules/bower',
55 error   fstream_type: 'Directory',
55 error   fstream_path: '/usr/lib/node_modules/bower',
55 error   fstream_class: 'DirWriter',
55 error   fstream_stack:
55 error    [ '/usr/lib/node_modules/npm/node_modules/fstream/lib/dir-writer.js:36:23',
55 error      '/usr/lib/node_modules/npm/node_modules/mkdirp/index.js:46:53',
55 error      'Object.oncomplete (fs.js:108:15)' ] }
56 error Please try running this command again as root/Administrator.
57 error System Linux 3.13.0-24-generic
58 error command "/usr/bin/node" "/usr/bin/npm" "install" "bower@1.3" "-g"
59 error cwd /home/diogo/workspace/contatooh
60 error node -v v0.10.37
61 error npm -v 1.4.28
62 error path /usr/lib/node_modules/bower
63 error fstream_path /usr/lib/node_modules/bower
64 error fstream_type Directory
65 error fstream_class DirWriter
66 error code EACCES
67 error errno 3
68 error stack Error: EACCES, mkdir '/usr/lib/node_modules/bower'
69 error fstream_stack /usr/lib/node_modules/npm/node_modules/fstream/lib/dir-writer.js:36:23
69 error fstream_stack /usr/lib/node_modules/npm/node_modules/mkdirp/index.js:46:53
69 error fstream_stack Object.oncomplete (fs.js:108:15)
70 verbose exit [ 3, true ]
